<?xml version="1.0" encoding="UTF-8"?>
<robot generator="Robot 6.1.1 (Python 3.10.12 on win32)" generated="20240123 14:37:34.557" rpa="false" schemaversion="4">
<suite id="s1" name="St Cu 001" source="c:\Users\RANGGA\Documents\Robot_Project\Project Single Queue\SingleQueue_UI_Dev\tests\st_cu_001.robot">
<test id="s1-t1" name="login_admin_succesfully" line="11">
<kw name="Open Browser Begin" library="Login">
<kw name="Open Available Browser" library="RPA.Browser.Selenium">
<doc>Attempts to open a browser on the user's device from a set of
supported browsers. Automatically downloads a corresponding webdriver
if none is already installed.</doc>
<msg timestamp="20240123 14:37:37.299" level="INFO">Webdriver version taken into use: ChromeDriver 119.0.6045.105 (38c72552c5e15ba9b3117c0967a0fd105072d7c6-refs/branch-heads/6045@{#1103})
</msg>
<msg timestamp="20240123 14:37:40.030" level="INFO">Targeted browser version: 120.0.6099</msg>
<msg timestamp="20240123 14:37:40.030" level="INFO">Creating an instance of the Chrome WebDriver.</msg>
<msg timestamp="20240123 14:37:42.168" level="INFO">Created Chrome browser with arguments: --disable-dev-shm-usage --disable-web-security --allow-running-insecure-content --no-sandbox</msg>
<msg timestamp="20240123 14:37:42.168" level="INFO" html="true">&lt;p&gt;Attempted combinations:&lt;/p&gt;&lt;div class="doc"&gt;&lt;table&gt;&lt;tr&gt;&lt;th&gt;Browser&lt;/th&gt;&lt;th&gt;Download&lt;/th&gt;&lt;th&gt;Error&lt;/th&gt;&lt;/tr&gt;&lt;tr&gt;&lt;td&gt;Chrome&lt;/td&gt;&lt;td&gt;False&lt;/td&gt;&lt;td&gt;&lt;/td&gt;&lt;/tr&gt;&lt;/table&gt;&lt;/div&gt;</msg>
<status status="PASS" starttime="20240123 14:37:36.765" endtime="20240123 14:37:42.168"/>
</kw>
<kw name="Go To" library="RPA.Browser.Selenium">
<arg>${BASE_URL}</arg>
<doc>Navigates the current browser window to the provided ``url``.</doc>
<msg timestamp="20240123 14:37:42.184" level="INFO">Opening url 'http://dcaller.cd.local/'</msg>
<status status="PASS" starttime="20240123 14:37:42.176" endtime="20240123 14:37:42.957"/>
</kw>
<kw name="Maximize Browser Window" library="RPA.Browser.Selenium">
<doc>Maximizes current browser window.</doc>
<status status="PASS" starttime="20240123 14:37:42.957" endtime="20240123 14:37:43.954"/>
</kw>
<status status="PASS" starttime="20240123 14:37:36.749" endtime="20240123 14:37:43.966"/>
</kw>
<kw name="Login Admin Positive Case" library="Keywords_Login_Test">
<kw name="Wait Until Element Is Enabled" library="RPA.Browser.Selenium">
<arg>${username_field}</arg>
<doc>Waits until the element ``locator`` is enabled.</doc>
<status status="PASS" starttime="20240123 14:37:43.977" endtime="20240123 14:37:44.173"/>
</kw>
<kw name="Sleep" library="BuiltIn">
<arg>1</arg>
<doc>Pauses the test executed for the given time.</doc>
<msg timestamp="20240123 14:37:45.182" level="INFO">Slept 1 second</msg>
<status status="PASS" starttime="20240123 14:37:44.173" endtime="20240123 14:37:45.184"/>
</kw>
<kw name="Input Text" library="RPA.Browser.Selenium">
<arg>${username_field}</arg>
<arg>${admin_username_valid}</arg>
<doc>Types the given ``text`` into the text field identified by ``locator``.</doc>
<msg timestamp="20240123 14:37:45.188" level="INFO">Typing text 'admin_caller' into text field 'xpath=//input[@name="username"]'.</msg>
<status status="PASS" starttime="20240123 14:37:45.184" endtime="20240123 14:37:45.410"/>
</kw>
<kw name="Input Text" library="RPA.Browser.Selenium">
<arg>${password_field}</arg>
<arg>${password_valid}</arg>
<doc>Types the given ``text`` into the text field identified by ``locator``.</doc>
<msg timestamp="20240123 14:37:45.410" level="INFO">Typing text 'Mandaya123' into text field 'xpath=//input[@name="password"]'.</msg>
<status status="PASS" starttime="20240123 14:37:45.410" endtime="20240123 14:37:45.584"/>
</kw>
<kw name="Sleep" library="BuiltIn">
<arg>1</arg>
<doc>Pauses the test executed for the given time.</doc>
<msg timestamp="20240123 14:37:46.602" level="INFO">Slept 1 second</msg>
<status status="PASS" starttime="20240123 14:37:45.592" endtime="20240123 14:37:46.603"/>
</kw>
<kw name="Click Element" library="RPA.Browser.Selenium">
<arg>${btn_login}</arg>
<doc>Click the element identified by ``locator``.</doc>
<msg timestamp="20240123 14:37:46.610" level="INFO">Clicking element 'xpath=//input[@name="login"]'.</msg>
<status status="PASS" starttime="20240123 14:37:46.603" endtime="20240123 14:37:46.860"/>
</kw>
<kw name="Switch Window" library="RPA.Browser.Selenium">
<arg>title=caller</arg>
<doc>Switches to browser window matching ``locator``.</doc>
<status status="PASS" starttime="20240123 14:37:46.860" endtime="20240123 14:37:47.043"/>
</kw>
<status status="PASS" starttime="20240123 14:37:43.972" endtime="20240123 14:37:47.043"/>
</kw>
<kw name="Expected Result Positive Login Admin" library="Keywords_Expected_Result_Login">
<kw name="Sleep" library="BuiltIn">
<arg>1</arg>
<doc>Pauses the test executed for the given time.</doc>
<msg timestamp="20240123 14:37:48.069" level="INFO">Slept 1 second</msg>
<status status="PASS" starttime="20240123 14:37:47.053" endtime="20240123 14:37:48.071"/>
</kw>
<kw name="Element Should Be Visible" library="RPA.Browser.Selenium">
<arg>${expected_success_login_admin}</arg>
<doc>Verifies that the element identified by ``locator`` is visible.</doc>
<msg timestamp="20240123 14:37:48.142" level="INFO">Element 'xpath=//label[contains(text(), 'admin_caller')]' is displayed.</msg>
<status status="PASS" starttime="20240123 14:37:48.071" endtime="20240123 14:37:48.142"/>
</kw>
<kw name="Log" library="BuiltIn">
<arg>Expected result show element 'Welcome' is displayed</arg>
<doc>Logs the given message with the given level.</doc>
<msg timestamp="20240123 14:37:48.150" level="INFO">Expected result show element 'Welcome' is displayed</msg>
<status status="PASS" starttime="20240123 14:37:48.142" endtime="20240123 14:37:48.150"/>
</kw>
<status status="PASS" starttime="20240123 14:37:47.043" endtime="20240123 14:37:48.150"/>
</kw>
<kw name="Close Browser" library="RPA.Browser.Selenium">
<doc>Closes the current browser.</doc>
<status status="PASS" starttime="20240123 14:37:48.157" endtime="20240123 14:37:50.520"/>
</kw>
<doc>Test Login dengan email dan password yang sesuai</doc>
<tag>admin</tag>
<tag>login admin</tag>
<status status="PASS" starttime="20240123 14:37:36.749" endtime="20240123 14:37:50.523"/>
</test>
<test id="s1-t2" name="login_staff_succesfully" line="19">
<kw name="Open Browser Begin" library="Login">
<kw name="Open Available Browser" library="RPA.Browser.Selenium">
<doc>Attempts to open a browser on the user's device from a set of
supported browsers. Automatically downloads a corresponding webdriver
if none is already installed.</doc>
<msg timestamp="20240123 14:37:51.132" level="INFO">Webdriver version taken into use: ChromeDriver 119.0.6045.105 (38c72552c5e15ba9b3117c0967a0fd105072d7c6-refs/branch-heads/6045@{#1103})
</msg>
<msg timestamp="20240123 14:37:52.424" level="INFO">Targeted browser version: 120.0.6099</msg>
<msg timestamp="20240123 14:37:52.424" level="INFO">Creating an instance of the Chrome WebDriver.</msg>
<msg timestamp="20240123 14:37:54.468" level="INFO">Created Chrome browser with arguments: --disable-dev-shm-usage --disable-web-security --allow-running-insecure-content --no-sandbox</msg>
<msg timestamp="20240123 14:37:54.468" level="INFO" html="true">&lt;p&gt;Attempted combinations:&lt;/p&gt;&lt;div class="doc"&gt;&lt;table&gt;&lt;tr&gt;&lt;th&gt;Browser&lt;/th&gt;&lt;th&gt;Download&lt;/th&gt;&lt;th&gt;Error&lt;/th&gt;&lt;/tr&gt;&lt;tr&gt;&lt;td&gt;Chrome&lt;/td&gt;&lt;td&gt;False&lt;/td&gt;&lt;td&gt;&lt;/td&gt;&lt;/tr&gt;&lt;/table&gt;&lt;/div&gt;</msg>
<status status="PASS" starttime="20240123 14:37:50.540" endtime="20240123 14:37:54.468"/>
</kw>
<kw name="Go To" library="RPA.Browser.Selenium">
<arg>${BASE_URL}</arg>
<doc>Navigates the current browser window to the provided ``url``.</doc>
<msg timestamp="20240123 14:37:54.485" level="INFO">Opening url 'http://dcaller.cd.local/'</msg>
<status status="PASS" starttime="20240123 14:37:54.482" endtime="20240123 14:37:55.181"/>
</kw>
<kw name="Maximize Browser Window" library="RPA.Browser.Selenium">
<doc>Maximizes current browser window.</doc>
<status status="PASS" starttime="20240123 14:37:55.185" endtime="20240123 14:37:56.113"/>
</kw>
<status status="PASS" starttime="20240123 14:37:50.540" endtime="20240123 14:37:56.113"/>
</kw>
<kw name="Login Staff Positive Case" library="Keywords_Login_Test">
<kw name="Wait Until Element Is Enabled" library="RPA.Browser.Selenium">
<arg>${username_field}</arg>
<doc>Waits until the element ``locator`` is enabled.</doc>
<status status="PASS" starttime="20240123 14:37:56.122" endtime="20240123 14:37:56.211"/>
</kw>
<kw name="Sleep" library="BuiltIn">
<arg>1</arg>
<doc>Pauses the test executed for the given time.</doc>
<msg timestamp="20240123 14:37:57.221" level="INFO">Slept 1 second</msg>
<status status="PASS" starttime="20240123 14:37:56.211" endtime="20240123 14:37:57.221"/>
</kw>
<kw name="Input Text" library="RPA.Browser.Selenium">
<arg>${username_field}</arg>
<arg>${staff_username_valid}</arg>
<doc>Types the given ``text`` into the text field identified by ``locator``.</doc>
<msg timestamp="20240123 14:37:57.221" level="INFO">Typing text 'unit_caller' into text field 'xpath=//input[@name="username"]'.</msg>
<status status="PASS" starttime="20240123 14:37:57.221" endtime="20240123 14:37:57.459"/>
</kw>
<kw name="Input Text" library="RPA.Browser.Selenium">
<arg>${password_field}</arg>
<arg>${password_valid}</arg>
<doc>Types the given ``text`` into the text field identified by ``locator``.</doc>
<msg timestamp="20240123 14:37:57.466" level="INFO">Typing text 'Mandaya123' into text field 'xpath=//input[@name="password"]'.</msg>
<status status="PASS" starttime="20240123 14:37:57.459" endtime="20240123 14:37:57.624"/>
</kw>
<kw name="Sleep" library="BuiltIn">
<arg>1</arg>
<doc>Pauses the test executed for the given time.</doc>
<msg timestamp="20240123 14:37:58.635" level="INFO">Slept 1 second</msg>
<status status="PASS" starttime="20240123 14:37:57.624" endtime="20240123 14:37:58.635"/>
</kw>
<kw name="Click Element" library="RPA.Browser.Selenium">
<arg>${btn_login}</arg>
<doc>Click the element identified by ``locator``.</doc>
<msg timestamp="20240123 14:37:58.635" level="INFO">Clicking element 'xpath=//input[@name="login"]'.</msg>
<status status="PASS" starttime="20240123 14:37:58.635" endtime="20240123 14:37:58.855"/>
</kw>
<kw name="Switch Window" library="RPA.Browser.Selenium">
<arg>title=caller</arg>
<doc>Switches to browser window matching ``locator``.</doc>
<status status="PASS" starttime="20240123 14:37:58.855" endtime="20240123 14:37:59.007"/>
</kw>
<status status="PASS" starttime="20240123 14:37:56.121" endtime="20240123 14:37:59.007"/>
</kw>
<kw name="Expected Result Positive Login Staff" library="Keywords_Expected_Result_Login">
<kw name="Sleep" library="BuiltIn">
<arg>1</arg>
<doc>Pauses the test executed for the given time.</doc>
<msg timestamp="20240123 14:38:00.036" level="INFO">Slept 1 second</msg>
<status status="PASS" starttime="20240123 14:37:59.023" endtime="20240123 14:38:00.036"/>
</kw>
<kw name="Element Should Be Visible" library="RPA.Browser.Selenium">
<arg>${expected_success_login_staff}</arg>
<doc>Verifies that the element identified by ``locator`` is visible.</doc>
<msg timestamp="20240123 14:38:00.113" level="INFO">Element 'xpath=//label[contains(text(), 'unit_caller')]' is displayed.</msg>
<status status="PASS" starttime="20240123 14:38:00.036" endtime="20240123 14:38:00.113"/>
</kw>
<kw name="Log" library="BuiltIn">
<arg>Expected result show element 'Welcome' is displayed</arg>
<doc>Logs the given message with the given level.</doc>
<msg timestamp="20240123 14:38:00.119" level="INFO">Expected result show element 'Welcome' is displayed</msg>
<status status="PASS" starttime="20240123 14:38:00.113" endtime="20240123 14:38:00.119"/>
</kw>
<status status="PASS" starttime="20240123 14:37:59.015" endtime="20240123 14:38:00.119"/>
</kw>
<kw name="Close Browser" library="RPA.Browser.Selenium">
<doc>Closes the current browser.</doc>
<status status="PASS" starttime="20240123 14:38:00.125" endtime="20240123 14:38:02.491"/>
</kw>
<doc>Test Login dengan email dan password yang sesuai</doc>
<tag>login staff</tag>
<tag>staff</tag>
<status status="PASS" starttime="20240123 14:37:50.526" endtime="20240123 14:38:02.491"/>
</test>
<doc>Automation test untuk scenario action login</doc>
<status status="PASS" starttime="20240123 14:37:34.578" endtime="20240123 14:38:02.507"/>
</suite>
<statistics>
<total>
<stat pass="2" fail="0" skip="0">All Tests</stat>
</total>
<tag>
<stat pass="1" fail="0" skip="0">admin</stat>
<stat pass="1" fail="0" skip="0">login admin</stat>
<stat pass="1" fail="0" skip="0">login staff</stat>
<stat pass="1" fail="0" skip="0">staff</stat>
</tag>
<suite>
<stat pass="2" fail="0" skip="0" id="s1" name="St Cu 001">St Cu 001</stat>
</suite>
</statistics>
<errors>
</errors>
</robot>
