<?xml version="1.0" encoding="UTF-8"?>
<robot generator="Robot 6.1.1 (Python 3.10.12 on win32)" generated="20240131 15:52:43.042" rpa="false" schemaversion="4">
<suite id="s1" name="St Cu 002" source="c:\Users\RANGGA\Documents\Robot_Project\Project Single Queue\SingleQueue_UI_Dev\tests\unit caller\st_cu_002.robot">
<test id="s1-t1" name="login_admin" line="12">
<kw name="Open Browser Begin" library="Login">
<kw name="Open Available Browser" library="RPA.Browser.Selenium">
<doc>Attempts to open a browser on the user's device from a set of
supported browsers. Automatically downloads a corresponding webdriver
if none is already installed.</doc>
<msg timestamp="20240131 15:52:48.862" level="INFO">Webdriver version taken into use: ChromeDriver 119.0.6045.105 (38c72552c5e15ba9b3117c0967a0fd105072d7c6-refs/branch-heads/6045@{#1103})
</msg>
<msg timestamp="20240131 15:52:51.665" level="INFO">Targeted browser version: 120.0.6099</msg>
<msg timestamp="20240131 15:52:51.665" level="INFO">Creating an instance of the Chrome WebDriver.</msg>
<msg timestamp="20240131 15:52:54.694" level="INFO">Created Chrome browser with arguments: --disable-dev-shm-usage --disable-web-security --allow-running-insecure-content --no-sandbox</msg>
<msg timestamp="20240131 15:52:54.697" level="INFO" html="true">&lt;p&gt;Attempted combinations:&lt;/p&gt;&lt;div class="doc"&gt;&lt;table&gt;&lt;tr&gt;&lt;th&gt;Browser&lt;/th&gt;&lt;th&gt;Download&lt;/th&gt;&lt;th&gt;Error&lt;/th&gt;&lt;/tr&gt;&lt;tr&gt;&lt;td&gt;Chrome&lt;/td&gt;&lt;td&gt;False&lt;/td&gt;&lt;td&gt;&lt;/td&gt;&lt;/tr&gt;&lt;/table&gt;&lt;/div&gt;</msg>
<status status="PASS" starttime="20240131 15:52:48.768" endtime="20240131 15:52:54.702"/>
</kw>
<kw name="Go To" library="RPA.Browser.Selenium">
<arg>${BASE_URL}</arg>
<doc>Navigates the current browser window to the provided ``url``.</doc>
<msg timestamp="20240131 15:52:54.712" level="INFO">Opening url 'http://dcaller.cd.local/'</msg>
<status status="PASS" starttime="20240131 15:52:54.704" endtime="20240131 15:52:55.650"/>
</kw>
<kw name="Maximize Browser Window" library="RPA.Browser.Selenium">
<doc>Maximizes current browser window.</doc>
<status status="PASS" starttime="20240131 15:52:55.655" endtime="20240131 15:52:56.591"/>
</kw>
<status status="PASS" starttime="20240131 15:52:48.757" endtime="20240131 15:52:56.592"/>
</kw>
<kw name="Login Admin" library="Login">
<kw name="Sleep" library="BuiltIn">
<arg>2</arg>
<doc>Pauses the test executed for the given time.</doc>
<msg timestamp="20240131 15:52:58.612" level="INFO">Slept 2 seconds</msg>
<status status="PASS" starttime="20240131 15:52:56.602" endtime="20240131 15:52:58.616"/>
</kw>
<kw name="Wait Until Element Is Enabled" library="RPA.Browser.Selenium">
<arg>${username_field}</arg>
<doc>Waits until the element ``locator`` is enabled.</doc>
<status status="PASS" starttime="20240131 15:52:58.621" endtime="20240131 15:52:58.721"/>
</kw>
<kw name="Input Text" library="RPA.Browser.Selenium">
<arg>${username_field}</arg>
<arg>${USERNAME_ADMIN}</arg>
<doc>Types the given ``text`` into the text field identified by ``locator``.</doc>
<msg timestamp="20240131 15:52:58.728" level="INFO">Typing text 'admin_caller' into text field 'xpath=//input[@name="username"]'.</msg>
<status status="PASS" starttime="20240131 15:52:58.722" endtime="20240131 15:52:59.003"/>
</kw>
<kw name="Input Text" library="RPA.Browser.Selenium">
<arg>${password_field}</arg>
<arg>${PASSWORD_ADMIN}</arg>
<doc>Types the given ``text`` into the text field identified by ``locator``.</doc>
<msg timestamp="20240131 15:52:59.011" level="INFO">Typing text 'Mandaya123' into text field 'xpath=//input[@name="password"]'.</msg>
<status status="PASS" starttime="20240131 15:52:59.006" endtime="20240131 15:52:59.222"/>
</kw>
<kw name="Click Element" library="RPA.Browser.Selenium">
<arg>${btn_login}</arg>
<doc>Click the element identified by ``locator``.</doc>
<msg timestamp="20240131 15:52:59.228" level="INFO">Clicking element 'xpath=//input[@name="login"]'.</msg>
<status status="PASS" starttime="20240131 15:52:59.224" endtime="20240131 15:52:59.637"/>
</kw>
<kw name="Sleep" library="BuiltIn">
<arg>2</arg>
<doc>Pauses the test executed for the given time.</doc>
<msg timestamp="20240131 15:53:01.656" level="INFO">Slept 2 seconds</msg>
<status status="PASS" starttime="20240131 15:52:59.640" endtime="20240131 15:53:01.656"/>
</kw>
<kw name="Switch Window" library="RPA.Browser.Selenium">
<arg>title=caller</arg>
<doc>Switches to browser window matching ``locator``.</doc>
<status status="PASS" starttime="20240131 15:53:01.656" endtime="20240131 15:53:02.242"/>
</kw>
<kw name="Wait And Click Button" library="RPA.Browser.Selenium">
<arg>${btn_caller_unit}</arg>
<doc>Click button identified by ``locator``, once it becomes visible.</doc>
<msg timestamp="20240131 15:53:02.320" level="INFO">Clicking button 'xpath=//button[@class="btn caller-btn text-uppercase fw-700 fs-14 d-block mx-auto mb-3"]'.</msg>
<status status="PASS" starttime="20240131 15:53:02.243" endtime="20240131 15:53:02.612"/>
</kw>
<status status="PASS" starttime="20240131 15:52:56.592" endtime="20240131 15:53:02.612"/>
</kw>
<doc>Login Test</doc>
<tag>admin</tag>
<tag>login admin</tag>
<status status="PASS" starttime="20240131 15:52:48.746" endtime="20240131 15:53:02.623"/>
</test>
<test id="s1-t2" name="setup_counter" line="18">
<kw name="Setup Counter" library="Keywords_Manage_Counter">
<kw name="Click Element When Visible" library="RPA.Browser.Selenium">
<arg>${btn_select_counter}</arg>
<doc>Click element identified by ``locator``, once it becomes visible.</doc>
<msg timestamp="20240131 15:53:03.082" level="INFO">Clicking element 'xpath=//div[@class="btn-group"]'.</msg>
<status status="PASS" starttime="20240131 15:53:02.652" endtime="20240131 15:53:03.220"/>
</kw>
<kw name="Sleep" library="BuiltIn">
<arg>2</arg>
<doc>Pauses the test executed for the given time.</doc>
<msg timestamp="20240131 15:53:05.228" level="INFO">Slept 2 seconds</msg>
<status status="PASS" starttime="20240131 15:53:03.222" endtime="20240131 15:53:05.228"/>
</kw>
<kw name="Click Element" library="RPA.Browser.Selenium">
<arg>${btn_manage_counter}</arg>
<doc>Click the element identified by ``locator``.</doc>
<msg timestamp="20240131 15:53:05.240" level="INFO">Clicking element 'xpath=//button[@class="dropdown-item c-gray-D"]'.</msg>
<status status="PASS" starttime="20240131 15:53:05.233" endtime="20240131 15:53:05.422"/>
</kw>
<kw name="Click Element" library="RPA.Browser.Selenium">
<arg>${btn_choose_desk}</arg>
<doc>Click the element identified by ``locator``.</doc>
<msg timestamp="20240131 15:53:05.433" level="INFO">Clicking element 'xpath=//div[@class="multiselect__tags"]'.</msg>
<status status="PASS" starttime="20240131 15:53:05.427" endtime="20240131 15:53:05.623"/>
</kw>
<kw name="Click Element If Visible" library="RPA.Browser.Selenium">
<arg>${choose_desk}</arg>
<doc>Click element if it is visible</doc>
<msg timestamp="20240131 15:53:05.692" level="INFO">Element 'xpath=//span[text()="(AT) DESK 01"]' is displayed.</msg>
<msg timestamp="20240131 15:53:05.695" level="INFO">Clicking element 'xpath=//span[text()="(AT) DESK 01"]'.</msg>
<status status="PASS" starttime="20240131 15:53:05.630" endtime="20240131 15:53:05.812"/>
</kw>
<kw name="Click Element If Visible" library="RPA.Browser.Selenium">
<arg>${choose_desk2}</arg>
<doc>Click element if it is visible</doc>
<msg timestamp="20240131 15:53:05.911" level="INFO">Element 'xpath=//span[text()="(AT) DESK 02"]' is displayed.</msg>
<msg timestamp="20240131 15:53:05.914" level="INFO">Clicking element 'xpath=//span[text()="(AT) DESK 02"]'.</msg>
<status status="PASS" starttime="20240131 15:53:05.817" endtime="20240131 15:53:06.032"/>
</kw>
<kw name="Click Element If Visible" library="RPA.Browser.Selenium">
<arg>${choose_desk3}</arg>
<doc>Click element if it is visible</doc>
<msg timestamp="20240131 15:53:06.103" level="INFO">Element 'xpath=//span[text()="(AT) DESK 03"]' is displayed.</msg>
<msg timestamp="20240131 15:53:06.105" level="INFO">Clicking element 'xpath=//span[text()="(AT) DESK 03"]'.</msg>
<status status="PASS" starttime="20240131 15:53:06.032" endtime="20240131 15:53:06.313"/>
</kw>
<kw name="Click Element" library="RPA.Browser.Selenium">
<arg>${btn_save_desk}</arg>
<doc>Click the element identified by ``locator``.</doc>
<msg timestamp="20240131 15:53:06.326" level="INFO">Clicking element 'xpath=//button[@class="caller-btn fs-14 fw-700"]'.</msg>
<status status="PASS" starttime="20240131 15:53:06.313" endtime="20240131 15:53:06.532"/>
</kw>
<kw name="Sleep" library="BuiltIn">
<arg>2</arg>
<doc>Pauses the test executed for the given time.</doc>
<msg timestamp="20240131 15:53:08.556" level="INFO">Slept 2 seconds</msg>
<status status="PASS" starttime="20240131 15:53:06.538" endtime="20240131 15:53:08.556"/>
</kw>
<status status="PASS" starttime="20240131 15:53:02.648" endtime="20240131 15:53:08.561"/>
</kw>
<kw name="Expected Result Setup Counter" library="Keywords_Manage_Counter">
<kw name="Click Element When Visible" library="RPA.Browser.Selenium">
<arg>${btn_select_counter}</arg>
<doc>Click element identified by ``locator``, once it becomes visible.</doc>
<msg timestamp="20240131 15:53:08.622" level="INFO">Clicking element 'xpath=//div[@class="btn-group"]'.</msg>
<status status="PASS" starttime="20240131 15:53:08.565" endtime="20240131 15:53:08.755"/>
</kw>
<kw name="Element Should Be Visible" library="RPA.Browser.Selenium">
<arg>//li[text()='${data_deskname_1}']</arg>
<doc>Verifies that the element identified by ``locator`` is visible.</doc>
<msg timestamp="20240131 15:53:08.835" level="INFO">Element '//li[text()='(AT) DESK 01']' is displayed.</msg>
<status status="PASS" starttime="20240131 15:53:08.761" endtime="20240131 15:53:08.835"/>
</kw>
<kw name="Element Should Be Visible" library="RPA.Browser.Selenium">
<arg>//li[text()='${data_deskname_2}']</arg>
<doc>Verifies that the element identified by ``locator`` is visible.</doc>
<msg timestamp="20240131 15:53:08.902" level="INFO">Element '//li[text()='(AT) DESK 02']' is displayed.</msg>
<status status="PASS" starttime="20240131 15:53:08.835" endtime="20240131 15:53:08.902"/>
</kw>
<kw name="Element Should Be Visible" library="RPA.Browser.Selenium">
<arg>//li[text()='${data_deskname_3}']</arg>
<doc>Verifies that the element identified by ``locator`` is visible.</doc>
<msg timestamp="20240131 15:53:08.966" level="INFO">Element '//li[text()='(AT) DESK 03']' is displayed.</msg>
<status status="PASS" starttime="20240131 15:53:08.902" endtime="20240131 15:53:08.966"/>
</kw>
<status status="PASS" starttime="20240131 15:53:08.565" endtime="20240131 15:53:08.966"/>
</kw>
<doc>Setup tambah counter baru</doc>
<tag>admin</tag>
<tag>setup counter</tag>
<status status="PASS" starttime="20240131 15:53:02.635" endtime="20240131 15:53:08.975"/>
</test>
<test id="s1-t3" name="setup_line" line="24">
<kw name="Setup Line" library="Keywords_Manage_Counter">
<kw name="Sleep" library="BuiltIn">
<arg>2</arg>
<doc>Pauses the test executed for the given time.</doc>
<msg timestamp="20240131 15:53:11.003" level="INFO">Slept 2 seconds</msg>
<status status="PASS" starttime="20240131 15:53:08.997" endtime="20240131 15:53:11.005"/>
</kw>
<kw name="Click Element When Clickable" library="RPA.Browser.Selenium">
<arg>//button[@id="No line selected"]</arg>
<doc>Waits for and clicks an element until is fully ready to be clicked.</doc>
<status status="PASS" starttime="20240131 15:53:11.007" endtime="20240131 15:53:11.171"/>
</kw>
<kw name="Click Element When Clickable" library="RPA.Browser.Selenium">
<arg>${btn_manage_line}</arg>
<doc>Waits for and clicks an element until is fully ready to be clicked.</doc>
<status status="PASS" starttime="20240131 15:53:11.173" endtime="20240131 15:53:11.455"/>
</kw>
<kw name="Wait Until Element Is Visible" library="RPA.Browser.Selenium">
<arg>${btn_default_pharmacy}</arg>
<doc>Waits until the element ``locator`` is visible.</doc>
<status status="PASS" starttime="20240131 15:53:11.461" endtime="20240131 15:53:11.626"/>
</kw>
<kw name="Click Element" library="RPA.Browser.Selenium">
<arg>${btn_default_pharmacy}</arg>
<doc>Click the element identified by ``locator``.</doc>
<msg timestamp="20240131 15:53:11.642" level="INFO">Clicking element 'xpath=//*[@id="Lines"]/div/div/div[2]/div[1]/div/div[2]'.</msg>
<status status="PASS" starttime="20240131 15:53:11.631" endtime="20240131 15:53:11.806"/>
</kw>
<kw name="Sleep" library="BuiltIn">
<arg>1</arg>
<doc>Pauses the test executed for the given time.</doc>
<msg timestamp="20240131 15:53:12.821" level="INFO">Slept 1 second</msg>
<status status="PASS" starttime="20240131 15:53:11.809" endtime="20240131 15:53:12.822"/>
</kw>
<kw name="Click Element If Visible" library="RPA.Browser.Selenium">
<arg>${choose_pharmacy}</arg>
<doc>Click element if it is visible</doc>
<msg timestamp="20240131 15:53:12.872" level="INFO">Element 'xpath=//span[text()="(AT) Farmasi Racikan"]' is displayed.</msg>
<msg timestamp="20240131 15:53:12.872" level="INFO">Clicking element 'xpath=//span[text()="(AT) Farmasi Racikan"]'.</msg>
<status status="PASS" starttime="20240131 15:53:12.822" endtime="20240131 15:53:12.963"/>
</kw>
<kw name="Click Element" library="RPA.Browser.Selenium">
<arg>${btn_choose_lines}</arg>
<doc>Click the element identified by ``locator``.</doc>
<msg timestamp="20240131 15:53:12.970" level="INFO">Clicking element 'xpath=//span[@class="multiselect__placeholder"]'.</msg>
<status status="PASS" starttime="20240131 15:53:12.963" endtime="20240131 15:53:13.211"/>
</kw>
<kw name="Sleep" library="BuiltIn">
<arg>1</arg>
<doc>Pauses the test executed for the given time.</doc>
<msg timestamp="20240131 15:53:14.230" level="INFO">Slept 1 second</msg>
<status status="PASS" starttime="20240131 15:53:13.215" endtime="20240131 15:53:14.233"/>
</kw>
<kw name="Click Element If Visible" library="RPA.Browser.Selenium">
<arg>${choose_line1}</arg>
<doc>Click element if it is visible</doc>
<msg timestamp="20240131 15:53:14.325" level="INFO">Element 'xpath=//span[text()="(AT) Pendaftaran Pribadi "]' is displayed.</msg>
<msg timestamp="20240131 15:53:14.329" level="INFO">Clicking element 'xpath=//span[text()="(AT) Pendaftaran Pribadi "]'.</msg>
<status status="PASS" starttime="20240131 15:53:14.236" endtime="20240131 15:53:14.501"/>
</kw>
<kw name="Click Element If Visible" library="RPA.Browser.Selenium">
<arg>${choose_line3}</arg>
<doc>Click element if it is visible</doc>
<msg timestamp="20240131 15:53:14.647" level="INFO">Element 'xpath=//span[text()="(AT) KASIR "]' is displayed.</msg>
<msg timestamp="20240131 15:53:14.649" level="INFO">Clicking element 'xpath=//span[text()="(AT) KASIR "]'.</msg>
<status status="PASS" starttime="20240131 15:53:14.504" endtime="20240131 15:53:14.839"/>
</kw>
<kw name="Wait And Click Button" library="RPA.Browser.Selenium">
<arg>${btn_submit}</arg>
<doc>Click button identified by ``locator``, once it becomes visible.</doc>
<msg timestamp="20240131 15:53:14.910" level="INFO">Clicking button 'xpath=//button[@class="caller-btn fs-14 fw-700"]'.</msg>
<status status="PASS" starttime="20240131 15:53:14.844" endtime="20240131 15:53:15.124"/>
</kw>
<kw name="Sleep" library="BuiltIn">
<arg>2</arg>
<doc>Pauses the test executed for the given time.</doc>
<msg timestamp="20240131 15:53:17.151" level="INFO">Slept 2 seconds</msg>
<status status="PASS" starttime="20240131 15:53:15.134" endtime="20240131 15:53:17.153"/>
</kw>
<status status="PASS" starttime="20240131 15:53:08.992" endtime="20240131 15:53:17.157"/>
</kw>
<kw name="Expected Result Setup Line" library="Keywords_Manage_Counter">
<kw name="Click Element When Visible" library="RPA.Browser.Selenium">
<arg>${btn_select_line}</arg>
<doc>Click element identified by ``locator``, once it becomes visible.</doc>
<msg timestamp="20240131 15:53:17.316" level="INFO">Clicking element 'xpath=(//button[@class="btn btn-dropdown-caller dropdown-toggle fs-14 fw-700 c-primary"])[3]'.</msg>
<status status="PASS" starttime="20240131 15:53:17.170" endtime="20240131 15:53:17.445"/>
</kw>
<kw name="Element Should Be Visible" library="RPA.Browser.Selenium">
<arg>//li[text()=' ${data_lines1} ']</arg>
<doc>Verifies that the element identified by ``locator`` is visible.</doc>
<msg timestamp="20240131 15:53:17.566" level="INFO">Element '//li[text()=' (AT) Pendaftaran Pribadi ']' is displayed.</msg>
<status status="PASS" starttime="20240131 15:53:17.447" endtime="20240131 15:53:17.570"/>
</kw>
<kw name="Element Should Be Visible" library="RPA.Browser.Selenium">
<arg>//li[text()=' ${data_lines3} ']</arg>
<doc>Verifies that the element identified by ``locator`` is visible.</doc>
<msg timestamp="20240131 15:53:17.646" level="INFO">Element '//li[text()=' (AT) KASIR ']' is displayed.</msg>
<status status="PASS" starttime="20240131 15:53:17.575" endtime="20240131 15:53:17.647"/>
</kw>
<status status="PASS" starttime="20240131 15:53:17.164" endtime="20240131 15:53:17.650"/>
</kw>
<doc>Setup tambah line</doc>
<tag>admin</tag>
<tag>setup line</tag>
<status status="PASS" starttime="20240131 15:53:08.983" endtime="20240131 15:53:17.653"/>
</test>
<doc>Automation testing for manage counter &amp; line</doc>
<status status="PASS" starttime="20240131 15:52:43.071" endtime="20240131 15:53:17.667"/>
</suite>
<statistics>
<total>
<stat pass="3" fail="0" skip="0">All Tests</stat>
</total>
<tag>
<stat pass="3" fail="0" skip="0">admin</stat>
<stat pass="1" fail="0" skip="0">login admin</stat>
<stat pass="1" fail="0" skip="0">setup counter</stat>
<stat pass="1" fail="0" skip="0">setup line</stat>
</tag>
<suite>
<stat pass="3" fail="0" skip="0" id="s1" name="St Cu 002">St Cu 002</stat>
</suite>
</statistics>
<errors>
</errors>
</robot>
