<?xml version="1.0" encoding="UTF-8"?>
<robot generator="Robot 6.1.1 (Python 3.10.12 on win32)" generated="20240123 14:39:10.712" rpa="false" schemaversion="4">
<suite id="s1" name="St Cu 002" source="c:\Users\RANGGA\Documents\Robot_Project\Project Single Queue\SingleQueue_UI_Dev\tests\st_cu_002.robot">
<test id="s1-t1" name="login_admin" line="12">
<kw name="Open Browser Begin" library="Login">
<kw name="Open Available Browser" library="RPA.Browser.Selenium">
<doc>Attempts to open a browser on the user's device from a set of
supported browsers. Automatically downloads a corresponding webdriver
if none is already installed.</doc>
<msg timestamp="20240123 14:39:14.142" level="INFO">Webdriver version taken into use: ChromeDriver 119.0.6045.105 (38c72552c5e15ba9b3117c0967a0fd105072d7c6-refs/branch-heads/6045@{#1103})
</msg>
<msg timestamp="20240123 14:39:16.988" level="INFO">Targeted browser version: 120.0.6099</msg>
<msg timestamp="20240123 14:39:16.992" level="INFO">Creating an instance of the Chrome WebDriver.</msg>
<msg timestamp="20240123 14:39:19.761" level="INFO">Created Chrome browser with arguments: --disable-dev-shm-usage --disable-web-security --allow-running-insecure-content --no-sandbox</msg>
<msg timestamp="20240123 14:39:19.764" level="INFO" html="true">&lt;p&gt;Attempted combinations:&lt;/p&gt;&lt;div class="doc"&gt;&lt;table&gt;&lt;tr&gt;&lt;th&gt;Browser&lt;/th&gt;&lt;th&gt;Download&lt;/th&gt;&lt;th&gt;Error&lt;/th&gt;&lt;/tr&gt;&lt;tr&gt;&lt;td&gt;Chrome&lt;/td&gt;&lt;td&gt;False&lt;/td&gt;&lt;td&gt;&lt;/td&gt;&lt;/tr&gt;&lt;/table&gt;&lt;/div&gt;</msg>
<status status="PASS" starttime="20240123 14:39:13.652" endtime="20240123 14:39:19.770"/>
</kw>
<kw name="Go To" library="RPA.Browser.Selenium">
<arg>${BASE_URL}</arg>
<doc>Navigates the current browser window to the provided ``url``.</doc>
<msg timestamp="20240123 14:39:19.785" level="INFO">Opening url 'http://dcaller.cd.local/'</msg>
<status status="PASS" starttime="20240123 14:39:19.777" endtime="20240123 14:39:20.754"/>
</kw>
<kw name="Maximize Browser Window" library="RPA.Browser.Selenium">
<doc>Maximizes current browser window.</doc>
<status status="PASS" starttime="20240123 14:39:20.758" endtime="20240123 14:39:21.821"/>
</kw>
<status status="PASS" starttime="20240123 14:39:13.652" endtime="20240123 14:39:21.829"/>
</kw>
<kw name="Login Admin" library="Login">
<kw name="Sleep" library="BuiltIn">
<arg>2</arg>
<doc>Pauses the test executed for the given time.</doc>
<msg timestamp="20240123 14:39:23.856" level="INFO">Slept 2 seconds</msg>
<status status="PASS" starttime="20240123 14:39:21.839" endtime="20240123 14:39:23.856"/>
</kw>
<kw name="Wait Until Element Is Enabled" library="RPA.Browser.Selenium">
<arg>${username_field}</arg>
<doc>Waits until the element ``locator`` is enabled.</doc>
<status status="PASS" starttime="20240123 14:39:23.863" endtime="20240123 14:39:24.046"/>
</kw>
<kw name="Input Text" library="RPA.Browser.Selenium">
<arg>${username_field}</arg>
<arg>${USERNAME_ADMIN}</arg>
<doc>Types the given ``text`` into the text field identified by ``locator``.</doc>
<msg timestamp="20240123 14:39:24.062" level="INFO">Typing text 'admin_caller' into text field 'xpath=//input[@name="username"]'.</msg>
<status status="PASS" starttime="20240123 14:39:24.046" endtime="20240123 14:39:24.568"/>
</kw>
<kw name="Input Text" library="RPA.Browser.Selenium">
<arg>${password_field}</arg>
<arg>${PASSWORD_ADMIN}</arg>
<doc>Types the given ``text`` into the text field identified by ``locator``.</doc>
<msg timestamp="20240123 14:39:24.576" level="INFO">Typing text 'Mandaya123' into text field 'xpath=//input[@name="password"]'.</msg>
<status status="PASS" starttime="20240123 14:39:24.568" endtime="20240123 14:39:24.843"/>
</kw>
<kw name="Click Element" library="RPA.Browser.Selenium">
<arg>${btn_login}</arg>
<doc>Click the element identified by ``locator``.</doc>
<msg timestamp="20240123 14:39:24.859" level="INFO">Clicking element 'xpath=//input[@name="login"]'.</msg>
<status status="PASS" starttime="20240123 14:39:24.847" endtime="20240123 14:39:25.518"/>
</kw>
<kw name="Sleep" library="BuiltIn">
<arg>2</arg>
<doc>Pauses the test executed for the given time.</doc>
<msg timestamp="20240123 14:39:27.528" level="INFO">Slept 2 seconds</msg>
<status status="PASS" starttime="20240123 14:39:25.525" endtime="20240123 14:39:27.528"/>
</kw>
<kw name="Switch Window" library="RPA.Browser.Selenium">
<arg>title=caller</arg>
<doc>Switches to browser window matching ``locator``.</doc>
<status status="PASS" starttime="20240123 14:39:27.536" endtime="20240123 14:39:27.787"/>
</kw>
<kw name="Wait And Click Button" library="RPA.Browser.Selenium">
<arg>${btn_caller_unit}</arg>
<doc>Click button identified by ``locator``, once it becomes visible.</doc>
<msg timestamp="20240123 14:39:27.921" level="INFO">Clicking button 'xpath=//button[@class="btn caller-btn text-uppercase fw-700 fs-14 d-block mx-auto mb-3"]'.</msg>
<status status="PASS" starttime="20240123 14:39:27.787" endtime="20240123 14:39:28.232"/>
</kw>
<status status="PASS" starttime="20240123 14:39:21.835" endtime="20240123 14:39:28.235"/>
</kw>
<doc>Login Test</doc>
<tag>admin</tag>
<tag>login admin</tag>
<status status="PASS" starttime="20240123 14:39:13.652" endtime="20240123 14:39:28.238"/>
</test>
<test id="s1-t2" name="setup_counter" line="18">
<kw name="Setup Counter" library="Keywords_Manage_Counter">
<kw name="Click Element When Visible" library="RPA.Browser.Selenium">
<arg>${btn_select_counter}</arg>
<doc>Click element identified by ``locator``, once it becomes visible.</doc>
<msg timestamp="20240123 14:39:28.752" level="INFO">Clicking element 'xpath=//div[@class="btn-group"]'.</msg>
<status status="PASS" starttime="20240123 14:39:28.273" endtime="20240123 14:39:28.886"/>
</kw>
<kw name="Sleep" library="BuiltIn">
<arg>2</arg>
<doc>Pauses the test executed for the given time.</doc>
<msg timestamp="20240123 14:39:30.899" level="INFO">Slept 2 seconds</msg>
<status status="PASS" starttime="20240123 14:39:28.886" endtime="20240123 14:39:30.899"/>
</kw>
<kw name="Click Element" library="RPA.Browser.Selenium">
<arg>${btn_manage_counter}</arg>
<doc>Click the element identified by ``locator``.</doc>
<msg timestamp="20240123 14:39:30.907" level="INFO">Clicking element 'xpath=//button[@class="dropdown-item c-gray-D"]'.</msg>
<status status="PASS" starttime="20240123 14:39:30.899" endtime="20240123 14:39:31.007"/>
</kw>
<kw name="Click Element" library="RPA.Browser.Selenium">
<arg>${btn_choose_desk}</arg>
<doc>Click the element identified by ``locator``.</doc>
<msg timestamp="20240123 14:39:31.017" level="INFO">Clicking element 'xpath=//div[@class="multiselect__tags"]'.</msg>
<status status="PASS" starttime="20240123 14:39:31.007" endtime="20240123 14:39:31.175"/>
</kw>
<kw name="Click Element If Visible" library="RPA.Browser.Selenium">
<arg>${choose_desk}</arg>
<doc>Click element if it is visible</doc>
<msg timestamp="20240123 14:39:31.220" level="INFO">Element 'xpath=//span[text()="(AT) DESK 01"]' is displayed.</msg>
<msg timestamp="20240123 14:39:31.220" level="INFO">Clicking element 'xpath=//span[text()="(AT) DESK 01"]'.</msg>
<status status="PASS" starttime="20240123 14:39:31.175" endtime="20240123 14:39:31.305"/>
</kw>
<kw name="Click Element If Visible" library="RPA.Browser.Selenium">
<arg>${choose_desk2}</arg>
<doc>Click element if it is visible</doc>
<msg timestamp="20240123 14:39:31.377" level="INFO">Element 'xpath=//span[text()="(AT) DESK 02"]' is displayed.</msg>
<msg timestamp="20240123 14:39:31.377" level="INFO">Clicking element 'xpath=//span[text()="(AT) DESK 02"]'.</msg>
<status status="PASS" starttime="20240123 14:39:31.314" endtime="20240123 14:39:31.472"/>
</kw>
<kw name="Click Element If Visible" library="RPA.Browser.Selenium">
<arg>${choose_desk3}</arg>
<doc>Click element if it is visible</doc>
<msg timestamp="20240123 14:39:31.532" level="INFO">Element 'xpath=//span[text()="(AT) DESK 03"]' is displayed.</msg>
<msg timestamp="20240123 14:39:31.532" level="INFO">Clicking element 'xpath=//span[text()="(AT) DESK 03"]'.</msg>
<status status="PASS" starttime="20240123 14:39:31.473" endtime="20240123 14:39:31.668"/>
</kw>
<kw name="Click Element" library="RPA.Browser.Selenium">
<arg>${btn_save_desk}</arg>
<doc>Click the element identified by ``locator``.</doc>
<msg timestamp="20240123 14:39:31.675" level="INFO">Clicking element 'xpath=//button[@class="caller-btn fs-14 fw-700"]'.</msg>
<status status="PASS" starttime="20240123 14:39:31.671" endtime="20240123 14:39:31.839"/>
</kw>
<kw name="Sleep" library="BuiltIn">
<arg>2</arg>
<doc>Pauses the test executed for the given time.</doc>
<msg timestamp="20240123 14:39:33.844" level="INFO">Slept 2 seconds</msg>
<status status="PASS" starttime="20240123 14:39:31.839" endtime="20240123 14:39:33.845"/>
</kw>
<status status="PASS" starttime="20240123 14:39:28.271" endtime="20240123 14:39:33.845"/>
</kw>
<kw name="Expected Result Setup Counter" library="Keywords_Manage_Counter">
<kw name="Click Element When Visible" library="RPA.Browser.Selenium">
<arg>${btn_select_counter}</arg>
<doc>Click element identified by ``locator``, once it becomes visible.</doc>
<msg timestamp="20240123 14:39:33.899" level="INFO">Clicking element 'xpath=//div[@class="btn-group"]'.</msg>
<status status="PASS" starttime="20240123 14:39:33.855" endtime="20240123 14:39:33.986"/>
</kw>
<kw name="Element Should Be Visible" library="RPA.Browser.Selenium">
<arg>//li[text()='${data_deskname_1}']</arg>
<doc>Verifies that the element identified by ``locator`` is visible.</doc>
<msg timestamp="20240123 14:39:34.045" level="INFO">Element '//li[text()='(AT) DESK 01']' is displayed.</msg>
<status status="PASS" starttime="20240123 14:39:33.992" endtime="20240123 14:39:34.045"/>
</kw>
<kw name="Element Should Be Visible" library="RPA.Browser.Selenium">
<arg>//li[text()='${data_deskname_2}']</arg>
<doc>Verifies that the element identified by ``locator`` is visible.</doc>
<msg timestamp="20240123 14:39:34.095" level="INFO">Element '//li[text()='(AT) DESK 02']' is displayed.</msg>
<status status="PASS" starttime="20240123 14:39:34.049" endtime="20240123 14:39:34.099"/>
</kw>
<kw name="Element Should Be Visible" library="RPA.Browser.Selenium">
<arg>//li[text()='${data_deskname_3}']</arg>
<doc>Verifies that the element identified by ``locator`` is visible.</doc>
<msg timestamp="20240123 14:39:34.145" level="INFO">Element '//li[text()='(AT) DESK 03']' is displayed.</msg>
<status status="PASS" starttime="20240123 14:39:34.099" endtime="20240123 14:39:34.145"/>
</kw>
<status status="PASS" starttime="20240123 14:39:33.849" endtime="20240123 14:39:34.145"/>
</kw>
<doc>Setup tambah counter baru</doc>
<tag>admin</tag>
<tag>setup counter</tag>
<status status="PASS" starttime="20240123 14:39:28.258" endtime="20240123 14:39:34.145"/>
</test>
<test id="s1-t3" name="setup_line" line="24">
<kw name="Setup Line" library="Keywords_Manage_Counter">
<kw name="Sleep" library="BuiltIn">
<arg>2</arg>
<doc>Pauses the test executed for the given time.</doc>
<msg timestamp="20240123 14:39:36.181" level="INFO">Slept 2 seconds</msg>
<status status="PASS" starttime="20240123 14:39:34.175" endtime="20240123 14:39:36.181"/>
</kw>
<kw name="Click Element When Clickable" library="RPA.Browser.Selenium">
<arg>//button[@id="No line selected"]</arg>
<doc>Waits for and clicks an element until is fully ready to be clicked.</doc>
<status status="PASS" starttime="20240123 14:39:36.181" endtime="20240123 14:39:36.313"/>
</kw>
<kw name="Click Element When Clickable" library="RPA.Browser.Selenium">
<arg>${btn_manage_line}</arg>
<doc>Waits for and clicks an element until is fully ready to be clicked.</doc>
<status status="PASS" starttime="20240123 14:39:36.313" endtime="20240123 14:39:36.529"/>
</kw>
<kw name="Wait Until Element Is Visible" library="RPA.Browser.Selenium">
<arg>${btn_default_pharmacy}</arg>
<doc>Waits until the element ``locator`` is visible.</doc>
<status status="PASS" starttime="20240123 14:39:36.538" endtime="20240123 14:39:36.658"/>
</kw>
<kw name="Click Element" library="RPA.Browser.Selenium">
<arg>${btn_default_pharmacy}</arg>
<doc>Click the element identified by ``locator``.</doc>
<msg timestamp="20240123 14:39:36.658" level="INFO">Clicking element 'xpath=//*[@id="Lines"]/div/div/div[2]/div[1]/div/div[2]'.</msg>
<status status="PASS" starttime="20240123 14:39:36.658" endtime="20240123 14:39:36.779"/>
</kw>
<kw name="Sleep" library="BuiltIn">
<arg>1</arg>
<doc>Pauses the test executed for the given time.</doc>
<msg timestamp="20240123 14:39:37.783" level="INFO">Slept 1 second</msg>
<status status="PASS" starttime="20240123 14:39:36.779" endtime="20240123 14:39:37.783"/>
</kw>
<kw name="Click Element If Visible" library="RPA.Browser.Selenium">
<arg>${choose_pharmacy}</arg>
<doc>Click element if it is visible</doc>
<msg timestamp="20240123 14:39:37.832" level="INFO">Element 'xpath=//span[text()="(AT) Farmasi Racikan"]' is displayed.</msg>
<msg timestamp="20240123 14:39:37.832" level="INFO">Clicking element 'xpath=//span[text()="(AT) Farmasi Racikan"]'.</msg>
<status status="PASS" starttime="20240123 14:39:37.783" endtime="20240123 14:39:37.904"/>
</kw>
<kw name="Click Element" library="RPA.Browser.Selenium">
<arg>${btn_choose_lines}</arg>
<doc>Click the element identified by ``locator``.</doc>
<msg timestamp="20240123 14:39:37.916" level="INFO">Clicking element 'xpath=//span[@class="multiselect__placeholder"]'.</msg>
<status status="PASS" starttime="20240123 14:39:37.904" endtime="20240123 14:39:38.087"/>
</kw>
<kw name="Sleep" library="BuiltIn">
<arg>1</arg>
<doc>Pauses the test executed for the given time.</doc>
<msg timestamp="20240123 14:39:39.107" level="INFO">Slept 1 second</msg>
<status status="PASS" starttime="20240123 14:39:38.091" endtime="20240123 14:39:39.107"/>
</kw>
<kw name="Click Element If Visible" library="RPA.Browser.Selenium">
<arg>${choose_line1}</arg>
<doc>Click element if it is visible</doc>
<msg timestamp="20240123 14:39:39.151" level="INFO">Element 'xpath=//span[text()="(AT) Pendaftaran Pribadi "]' is displayed.</msg>
<msg timestamp="20240123 14:39:39.151" level="INFO">Clicking element 'xpath=//span[text()="(AT) Pendaftaran Pribadi "]'.</msg>
<status status="PASS" starttime="20240123 14:39:39.107" endtime="20240123 14:39:39.235"/>
</kw>
<kw name="Click Element If Visible" library="RPA.Browser.Selenium">
<arg>${choose_line3}</arg>
<doc>Click element if it is visible</doc>
<msg timestamp="20240123 14:39:39.294" level="INFO">Element 'xpath=//span[text()="(AT) KASIR "]' is displayed.</msg>
<msg timestamp="20240123 14:39:39.294" level="INFO">Clicking element 'xpath=//span[text()="(AT) KASIR "]'.</msg>
<status status="PASS" starttime="20240123 14:39:39.243" endtime="20240123 14:39:39.387"/>
</kw>
<kw name="Wait And Click Button" library="RPA.Browser.Selenium">
<arg>${btn_submit}</arg>
<doc>Click button identified by ``locator``, once it becomes visible.</doc>
<msg timestamp="20240123 14:39:39.427" level="INFO">Clicking button 'xpath=//button[@class="caller-btn fs-14 fw-700"]'.</msg>
<status status="PASS" starttime="20240123 14:39:39.387" endtime="20240123 14:39:39.611"/>
</kw>
<kw name="Sleep" library="BuiltIn">
<arg>2</arg>
<doc>Pauses the test executed for the given time.</doc>
<msg timestamp="20240123 14:39:41.612" level="INFO">Slept 2 seconds</msg>
<status status="PASS" starttime="20240123 14:39:39.611" endtime="20240123 14:39:41.615"/>
</kw>
<status status="PASS" starttime="20240123 14:39:34.170" endtime="20240123 14:39:41.618"/>
</kw>
<kw name="Expected Result Setup Line" library="Keywords_Manage_Counter">
<kw name="Click Element When Visible" library="RPA.Browser.Selenium">
<arg>${btn_select_line}</arg>
<doc>Click element identified by ``locator``, once it becomes visible.</doc>
<msg timestamp="20240123 14:39:41.705" level="INFO">Clicking element 'xpath=(//button[@class="btn btn-dropdown-caller dropdown-toggle fs-14 fw-700 c-primary"])[3]'.</msg>
<status status="PASS" starttime="20240123 14:39:41.629" endtime="20240123 14:39:41.848"/>
</kw>
<kw name="Element Should Be Visible" library="RPA.Browser.Selenium">
<arg>//li[text()=' ${data_lines1} ']</arg>
<doc>Verifies that the element identified by ``locator`` is visible.</doc>
<msg timestamp="20240123 14:39:41.922" level="INFO">Element '//li[text()=' (AT) Pendaftaran Pribadi ']' is displayed.</msg>
<status status="PASS" starttime="20240123 14:39:41.848" endtime="20240123 14:39:41.930"/>
</kw>
<kw name="Element Should Be Visible" library="RPA.Browser.Selenium">
<arg>//li[text()=' ${data_lines3} ']</arg>
<doc>Verifies that the element identified by ``locator`` is visible.</doc>
<msg timestamp="20240123 14:39:42.076" level="INFO">Element '//li[text()=' (AT) KASIR ']' is displayed.</msg>
<status status="PASS" starttime="20240123 14:39:41.935" endtime="20240123 14:39:42.079"/>
</kw>
<status status="PASS" starttime="20240123 14:39:41.618" endtime="20240123 14:39:42.081"/>
</kw>
<doc>Setup tambah line</doc>
<tag>admin</tag>
<tag>setup line</tag>
<status status="PASS" starttime="20240123 14:39:34.164" endtime="20240123 14:39:42.084"/>
</test>
<doc>Automation testing for manage counter &amp; line</doc>
<status status="PASS" starttime="20240123 14:39:10.737" endtime="20240123 14:39:42.096"/>
</suite>
<statistics>
<total>
<stat pass="3" fail="0" skip="0">All Tests</stat>
</total>
<tag>
<stat pass="3" fail="0" skip="0">admin</stat>
<stat pass="1" fail="0" skip="0">login admin</stat>
<stat pass="1" fail="0" skip="0">setup counter</stat>
<stat pass="1" fail="0" skip="0">setup line</stat>
</tag>
<suite>
<stat pass="3" fail="0" skip="0" id="s1" name="St Cu 002">St Cu 002</stat>
</suite>
</statistics>
<errors>
</errors>
</robot>
